{
  "RSpec": {
    "coverage": {
      "/home/fair-gateway-0792/tic-tac-toe-rb-london-fastrack-051119/lib/tic_tac_toe.rb": [
        null,
        1,
        null,
        null,
        null,
        null,
        null,
        null,
        null,
        null,
        null,
        1,
        25,
        25,
        25,
        25,
        25,
        null,
        null,
        1,
        24,
        null,
        null,
        1,
        23,
        null,
        null,
        1,
        26,
        null,
        null,
        1,
        24,
        null,
        null,
        1,
        21,
        21,
        21,
        21,
        20,
        20,
        null,
        1,
        null,
        null,
        null,
        1,
        22,
        22,
        198,
        32,
        null,
        null,
        22,
        null,
        null,
        1,
        21,
        7,
        null,
        14,
        null,
        null,
        null,
        1,
        72,
        1510,
        43,
        null,
        null,
        29,
        null,
        null,
        1,
        266,
        null,
        null,
        1,
        26,
        null,
        null,
        1,
        22,
        10,
        null,
        null,
        null,
        1,
        22,
        null,
        7,
        4,
        3,
        3,
        null,
        null,
        null,
        1,
        12,
        18,
        null,
        12,
        4,
        8,
        1,
        7,
        3,
        null,
        null
      ]
    },
    "timestamp": 1558186080
  }
}
