{
  "RSpec": {
    "coverage": {
      "/home/fair-gateway-0792/tic-tac-toe-rb-london-fastrack-051119/lib/tic_tac_toe.rb": [
        null,
        1,
        null,
        null,
        null,
        null,
        null,
        null,
        null,
        null,
        null,
        1,
        7,
        7,
        7,
        7,
        7,
        null,
        null,
        1,
        6,
        null,
        null,
        1,
        5,
        null,
        null,
        1,
        8,
        null,
        null,
        1,
        6,
        null,
        null,
        1,
        3,
        3,
        3,
        3,
        2,
        2,
        null,
        1,
        null,
        null,
        null,
        1,
        2,
        2,
        18,
        5,
        null,
        null,
        2,
        null,
        null,
        1,
        1,
        0,
        null,
        1,
        null,
        null,
        null,
        1,
        17,
        407,
        13,
        null,
        null,
        4,
        null,
        null,
        1,
        72,
        null,
        null,
        1,
        6,
        null,
        null,
        1,
        3,
        2,
        null,
        null,
        null,
        1,
        3,
        null,
        2,
        1,
        1,
        1,
        null,
        null
      ]
    },
    "timestamp": 1558184082
  }
}
